mode: set
github.com/NayronFerreira/temperature_challenge_lab/config/config.go:13.46,21.16 8 0
github.com/NayronFerreira/temperature_challenge_lab/config/config.go:21.16,22.13 1 0
github.com/NayronFerreira/temperature_challenge_lab/config/config.go:24.2,25.16 2 0
github.com/NayronFerreira/temperature_challenge_lab/config/config.go:25.16,26.13 1 0
github.com/NayronFerreira/temperature_challenge_lab/config/config.go:28.2,28.20 1 0
github.com/NayronFerreira/temperature_challenge_lab/main.go:10.13,13.16 2 0
github.com/NayronFerreira/temperature_challenge_lab/main.go:13.16,14.13 1 0
github.com/NayronFerreira/temperature_challenge_lab/main.go:16.2,18.37 2 0
github.com/NayronFerreira/temperature_challenge_lab/config/config.go:13.46,21.16 8 1
github.com/NayronFerreira/temperature_challenge_lab/config/config.go:21.16,22.13 1 0
github.com/NayronFerreira/temperature_challenge_lab/config/config.go:24.2,25.16 2 1
github.com/NayronFerreira/temperature_challenge_lab/config/config.go:25.16,26.13 1 0
github.com/NayronFerreira/temperature_challenge_lab/config/config.go:28.2,28.20 1 1
github.com/NayronFerreira/temperature_challenge_lab/config/config.go:13.46,21.16 8 0
github.com/NayronFerreira/temperature_challenge_lab/config/config.go:21.16,22.13 1 0
github.com/NayronFerreira/temperature_challenge_lab/config/config.go:24.2,25.16 2 0
github.com/NayronFerreira/temperature_challenge_lab/config/config.go:25.16,26.13 1 0
github.com/NayronFerreira/temperature_challenge_lab/config/config.go:28.2,28.20 1 0
github.com/NayronFerreira/temperature_challenge_lab/infra/web/api/api.go:9.39,11.2 1 0
github.com/NayronFerreira/temperature_challenge_lab/infra/web/api/get_cep.go:17.76,19.16 2 1
github.com/NayronFerreira/temperature_challenge_lab/infra/web/api/get_cep.go:19.16,21.3 1 0
github.com/NayronFerreira/temperature_challenge_lab/infra/web/api/get_cep.go:23.2,27.16 4 1
github.com/NayronFerreira/temperature_challenge_lab/infra/web/api/get_cep.go:27.16,29.3 1 0
github.com/NayronFerreira/temperature_challenge_lab/infra/web/api/get_cep.go:32.2,41.16 3 1
github.com/NayronFerreira/temperature_challenge_lab/infra/web/api/get_cep.go:41.16,43.3 1 0
github.com/NayronFerreira/temperature_challenge_lab/infra/web/api/get_cep.go:44.2,46.46 2 1
github.com/NayronFerreira/temperature_challenge_lab/infra/web/api/get_cep.go:46.46,48.3 1 0
github.com/NayronFerreira/temperature_challenge_lab/infra/web/api/get_cep.go:50.2,51.16 2 1
github.com/NayronFerreira/temperature_challenge_lab/infra/web/api/get_cep.go:51.16,53.3 1 0
github.com/NayronFerreira/temperature_challenge_lab/infra/web/api/get_cep.go:55.2,56.56 2 1
github.com/NayronFerreira/temperature_challenge_lab/infra/web/api/get_cep.go:56.56,58.3 1 0
github.com/NayronFerreira/temperature_challenge_lab/infra/web/api/get_cep.go:60.2,60.68 1 1
github.com/NayronFerreira/temperature_challenge_lab/infra/web/api/get_cep.go:60.68,62.3 1 0
github.com/NayronFerreira/temperature_challenge_lab/infra/web/api/get_cep.go:64.2,64.48 1 1
github.com/NayronFerreira/temperature_challenge_lab/infra/web/api/get_temperature.go:16.84,18.16 2 1
github.com/NayronFerreira/temperature_challenge_lab/infra/web/api/get_temperature.go:18.16,20.3 1 0
github.com/NayronFerreira/temperature_challenge_lab/infra/web/api/get_temperature.go:22.2,29.16 6 1
github.com/NayronFerreira/temperature_challenge_lab/infra/web/api/get_temperature.go:29.16,31.3 1 0
github.com/NayronFerreira/temperature_challenge_lab/infra/web/api/get_temperature.go:33.2,34.16 2 1
github.com/NayronFerreira/temperature_challenge_lab/infra/web/api/get_temperature.go:34.16,36.3 1 0
github.com/NayronFerreira/temperature_challenge_lab/infra/web/api/get_temperature.go:37.2,40.16 3 1
github.com/NayronFerreira/temperature_challenge_lab/infra/web/api/get_temperature.go:40.16,42.3 1 0
github.com/NayronFerreira/temperature_challenge_lab/infra/web/api/get_temperature.go:43.2,44.57 2 1
github.com/NayronFerreira/temperature_challenge_lab/infra/web/api/get_temperature.go:44.57,46.3 1 0
github.com/NayronFerreira/temperature_challenge_lab/infra/web/api/get_temperature.go:48.2,48.38 1 1
github.com/NayronFerreira/temperature_challenge_lab/infra/web/api/get_temperature_by_cep.go:11.79,16.16 3 1
github.com/NayronFerreira/temperature_challenge_lab/infra/web/api/get_temperature_by_cep.go:16.16,18.39 1 0
github.com/NayronFerreira/temperature_challenge_lab/infra/web/api/get_temperature_by_cep.go:18.39,21.4 2 0
github.com/NayronFerreira/temperature_challenge_lab/infra/web/api/get_temperature_by_cep.go:23.3,23.44 1 0
github.com/NayronFerreira/temperature_challenge_lab/infra/web/api/get_temperature_by_cep.go:23.44,26.4 2 0
github.com/NayronFerreira/temperature_challenge_lab/infra/web/api/get_temperature_by_cep.go:28.3,29.9 2 0
github.com/NayronFerreira/temperature_challenge_lab/infra/web/api/get_temperature_by_cep.go:32.2,33.16 2 1
github.com/NayronFerreira/temperature_challenge_lab/infra/web/api/get_temperature_by_cep.go:33.16,36.3 2 0
github.com/NayronFerreira/temperature_challenge_lab/infra/web/api/get_temperature_by_cep.go:38.2,42.64 3 1
github.com/NayronFerreira/temperature_challenge_lab/infra/web/api/get_temperature_by_cep.go:42.64,45.3 2 0
github.com/NayronFerreira/temperature_challenge_lab/infra/web/api/get_temperature_by_cep.go:47.2,47.30 1 1
github.com/NayronFerreira/temperature_challenge_lab/service/temperature_conversion.go:5.92,11.2 1 1
github.com/NayronFerreira/temperature_challenge_lab/service/temperature_conversion.go:13.69,15.2 1 1
github.com/NayronFerreira/temperature_challenge_lab/service/temperature_conversion.go:17.65,19.2 1 1
github.com/NayronFerreira/temperature_challenge_lab/config/config.go:13.46,21.16 8 0
github.com/NayronFerreira/temperature_challenge_lab/config/config.go:21.16,22.13 1 0
github.com/NayronFerreira/temperature_challenge_lab/config/config.go:24.2,25.16 2 0
github.com/NayronFerreira/temperature_challenge_lab/config/config.go:25.16,26.13 1 0
github.com/NayronFerreira/temperature_challenge_lab/config/config.go:28.2,28.20 1 0
github.com/NayronFerreira/temperature_challenge_lab/infra/web/controller/route.go:12.45,17.2 4 1
